<?xml version="1.0" encoding="UTF-8"?>
<testsuite name="com.restaurent.menu.service.MenuServiceTest" tests="1" skipped="0" failures="0" errors="0" timestamp="2017-01-24T15:10:08" hostname="prashant-VirtualBox" time="0.049">
  <properties/>
  <testcase name="testMaxSatisfaction" classname="com.restaurent.menu.service.MenuServiceTest" time="0.049"/>
  <system-out><![CDATA[15:10:02.666 [Test worker] DEBUG org.springframework.test.context.junit4.SpringJUnit4ClassRunner - SpringJUnit4ClassRunner constructor called with [class com.restaurent.menu.service.MenuServiceTest]
15:10:02.691 [Test worker] DEBUG org.springframework.test.context.BootstrapUtils - Instantiating CacheAwareContextLoaderDelegate from class [org.springframework.test.context.cache.DefaultCacheAwareContextLoaderDelegate]
15:10:02.709 [Test worker] DEBUG org.springframework.test.context.BootstrapUtils - Instantiating BootstrapContext using constructor [public org.springframework.test.context.support.DefaultBootstrapContext(java.lang.Class,org.springframework.test.context.CacheAwareContextLoaderDelegate)]
15:10:02.734 [Test worker] DEBUG org.springframework.test.context.BootstrapUtils - Instantiating TestContextBootstrapper for test class [com.restaurent.menu.service.MenuServiceTest] from class [org.springframework.boot.test.context.SpringBootTestContextBootstrapper]
15:10:02.755 [Test worker] INFO org.springframework.boot.test.context.SpringBootTestContextBootstrapper - Neither @ContextConfiguration nor @ContextHierarchy found for test class [com.restaurent.menu.service.MenuServiceTest], using SpringBootContextLoader
15:10:02.763 [Test worker] DEBUG org.springframework.test.context.support.AbstractContextLoader - Did not detect default resource location for test class [com.restaurent.menu.service.MenuServiceTest]: class path resource [com/restaurent/menu/service/MenuServiceTest-context.xml] does not exist
15:10:02.763 [Test worker] DEBUG org.springframework.test.context.support.AbstractContextLoader - Did not detect default resource location for test class [com.restaurent.menu.service.MenuServiceTest]: class path resource [com/restaurent/menu/service/MenuServiceTestContext.groovy] does not exist
15:10:02.763 [Test worker] INFO org.springframework.test.context.support.AbstractContextLoader - Could not detect default resource locations for test class [com.restaurent.menu.service.MenuServiceTest]: no resource found for suffixes {-context.xml, Context.groovy}.
15:10:02.764 [Test worker] INFO org.springframework.test.context.support.AnnotationConfigContextLoaderUtils - Could not detect default configuration classes for test class [com.restaurent.menu.service.MenuServiceTest]: MenuServiceTest does not declare any static, non-private, non-final, nested classes annotated with @Configuration.
15:10:02.829 [Test worker] DEBUG org.springframework.test.context.support.ActiveProfilesUtils - Could not find an 'annotation declaring class' for annotation type [org.springframework.test.context.ActiveProfiles] and class [com.restaurent.menu.service.MenuServiceTest]
15:10:02.846 [Test worker] DEBUG org.springframework.core.env.StandardEnvironment - Adding [systemProperties] PropertySource with lowest search precedence
15:10:02.848 [Test worker] DEBUG org.springframework.core.env.StandardEnvironment - Adding [systemEnvironment] PropertySource with lowest search precedence
15:10:02.848 [Test worker] DEBUG org.springframework.core.env.StandardEnvironment - Initialized StandardEnvironment with PropertySources [systemProperties,systemEnvironment]
15:10:02.867 [Test worker] DEBUG org.springframework.core.io.support.PathMatchingResourcePatternResolver - Resolved classpath location [com/restaurent/menu/service/] to resources [URL [file:/home/prashant/restaurentmenu/build/classes/test/com/restaurent/menu/service/], URL [file:/home/prashant/restaurentmenu/build/classes/main/com/restaurent/menu/service/]]
15:10:02.868 [Test worker] DEBUG org.springframework.core.io.support.PathMatchingResourcePatternResolver - Looking for matching resources in directory tree [/home/prashant/restaurentmenu/build/classes/test/com/restaurent/menu/service]
15:10:02.868 [Test worker] DEBUG org.springframework.core.io.support.PathMatchingResourcePatternResolver - Searching directory [/home/prashant/restaurentmenu/build/classes/test/com/restaurent/menu/service] for files matching pattern [/home/prashant/restaurentmenu/build/classes/test/com/restaurent/menu/service/*.class]
15:10:02.875 [Test worker] DEBUG org.springframework.core.io.support.PathMatchingResourcePatternResolver - Looking for matching resources in directory tree [/home/prashant/restaurentmenu/build/classes/main/com/restaurent/menu/service]
15:10:02.876 [Test worker] DEBUG org.springframework.core.io.support.PathMatchingResourcePatternResolver - Searching directory [/home/prashant/restaurentmenu/build/classes/main/com/restaurent/menu/service] for files matching pattern [/home/prashant/restaurentmenu/build/classes/main/com/restaurent/menu/service/*.class]
15:10:02.877 [Test worker] DEBUG org.springframework.core.io.support.PathMatchingResourcePatternResolver - Resolved location pattern [classpath*:com/restaurent/menu/service/*.class] to resources [file [/home/prashant/restaurentmenu/build/classes/test/com/restaurent/menu/service/MenuServiceTest.class], file [/home/prashant/restaurentmenu/build/classes/main/com/restaurent/menu/service/MenuService.class]]
15:10:02.908 [Test worker] DEBUG org.springframework.core.io.support.PathMatchingResourcePatternResolver - Resolved classpath location [com/restaurent/menu/] to resources [URL [file:/home/prashant/restaurentmenu/build/classes/test/com/restaurent/menu/], URL [file:/home/prashant/restaurentmenu/build/classes/main/com/restaurent/menu/]]
15:10:02.909 [Test worker] DEBUG org.springframework.core.io.support.PathMatchingResourcePatternResolver - Looking for matching resources in directory tree [/home/prashant/restaurentmenu/build/classes/test/com/restaurent/menu]
15:10:02.909 [Test worker] DEBUG org.springframework.core.io.support.PathMatchingResourcePatternResolver - Searching directory [/home/prashant/restaurentmenu/build/classes/test/com/restaurent/menu] for files matching pattern [/home/prashant/restaurentmenu/build/classes/test/com/restaurent/menu/*.class]
15:10:02.909 [Test worker] DEBUG org.springframework.core.io.support.PathMatchingResourcePatternResolver - Looking for matching resources in directory tree [/home/prashant/restaurentmenu/build/classes/main/com/restaurent/menu]
15:10:02.910 [Test worker] DEBUG org.springframework.core.io.support.PathMatchingResourcePatternResolver - Searching directory [/home/prashant/restaurentmenu/build/classes/main/com/restaurent/menu] for files matching pattern [/home/prashant/restaurentmenu/build/classes/main/com/restaurent/menu/*.class]
15:10:02.911 [Test worker] DEBUG org.springframework.core.io.support.PathMatchingResourcePatternResolver - Resolved location pattern [classpath*:com/restaurent/menu/*.class] to resources [file [/home/prashant/restaurentmenu/build/classes/main/com/restaurent/menu/MainClass.class]]
15:10:02.982 [Test worker] DEBUG org.springframework.context.annotation.ClassPathScanningCandidateComponentProvider - Identified candidate component class: file [/home/prashant/restaurentmenu/build/classes/main/com/restaurent/menu/MainClass.class]
15:10:02.984 [Test worker] INFO org.springframework.boot.test.context.SpringBootTestContextBootstrapper - Found @SpringBootConfiguration com.restaurent.menu.MainClass for test class com.restaurent.menu.service.MenuServiceTest
15:10:02.988 [Test worker] DEBUG org.springframework.boot.test.context.SpringBootTestContextBootstrapper - @TestExecutionListeners is not present for class [com.restaurent.menu.service.MenuServiceTest]: using defaults.
15:10:02.994 [Test worker] INFO org.springframework.boot.test.context.SpringBootTestContextBootstrapper - Loaded default TestExecutionListener class names from location [META-INF/spring.factories]: [org.springframework.boot.test.mock.mockito.MockitoTestExecutionListener, org.springframework.boot.test.mock.mockito.ResetMocksTestExecutionListener, org.springframework.boot.test.autoconfigure.restdocs.RestDocsTestExecutionListener, org.springframework.boot.test.autoconfigure.web.client.MockRestServiceServerResetTestExecutionListener, org.springframework.boot.test.autoconfigure.web.servlet.MockMvcPrintOnlyOnFailureTestExecutionListener, org.springframework.boot.test.autoconfigure.web.servlet.WebDriverTestExecutionListener, org.springframework.test.context.web.ServletTestExecutionListener, org.springframework.test.context.support.DirtiesContextBeforeModesTestExecutionListener, org.springframework.test.context.support.DependencyInjectionTestExecutionListener, org.springframework.test.context.support.DirtiesContextTestExecutionListener, org.springframework.test.context.transaction.TransactionalTestExecutionListener, org.springframework.test.context.jdbc.SqlScriptsTestExecutionListener]
15:10:03.011 [Test worker] INFO org.springframework.boot.test.context.SpringBootTestContextBootstrapper - Could not instantiate TestExecutionListener [org.springframework.test.context.web.ServletTestExecutionListener]. Specify custom listener classes or make the default listener classes (and their required dependencies) available. Offending class: [javax/servlet/ServletContext]
15:10:03.012 [Test worker] INFO org.springframework.boot.test.context.SpringBootTestContextBootstrapper - Could not instantiate TestExecutionListener [org.springframework.test.context.jdbc.SqlScriptsTestExecutionListener]. Specify custom listener classes or make the default listener classes (and their required dependencies) available. Offending class: [org/springframework/transaction/interceptor/TransactionAttribute]
15:10:03.016 [Test worker] INFO org.springframework.boot.test.context.SpringBootTestContextBootstrapper - Could not instantiate TestExecutionListener [org.springframework.test.context.transaction.TransactionalTestExecutionListener]. Specify custom listener classes or make the default listener classes (and their required dependencies) available. Offending class: [org/springframework/transaction/TransactionDefinition]
15:10:03.017 [Test worker] INFO org.springframework.boot.test.context.SpringBootTestContextBootstrapper - Using TestExecutionListeners: [org.springframework.test.context.support.DirtiesContextBeforeModesTestExecutionListener@2339caff, org.springframework.boot.test.autoconfigure.SpringBootDependencyInjectionTestExecutionListener@4f261f3d, org.springframework.test.context.support.DirtiesContextTestExecutionListener@db7cf20, org.springframework.boot.test.mock.mockito.MockitoTestExecutionListener@2a3c68e1, org.springframework.boot.test.autoconfigure.web.servlet.WebDriverTestExecutionListener@47bf316b, org.springframework.boot.test.autoconfigure.web.servlet.MockMvcPrintOnlyOnFailureTestExecutionListener@381f0156, org.springframework.boot.test.autoconfigure.restdocs.RestDocsTestExecutionListener@b6217ba, org.springframework.boot.test.autoconfigure.web.client.MockRestServiceServerResetTestExecutionListener@42d00d57, org.springframework.boot.test.mock.mockito.ResetMocksTestExecutionListener@7cda480f]
15:10:03.020 [Test worker] DEBUG org.springframework.test.annotation.ProfileValueUtils - Retrieved @ProfileValueSourceConfiguration [null] for test class [com.restaurent.menu.service.MenuServiceTest]
15:10:03.021 [Test worker] DEBUG org.springframework.test.annotation.ProfileValueUtils - Retrieved ProfileValueSource type [class org.springframework.test.annotation.SystemProfileValueSource] for class [com.restaurent.menu.service.MenuServiceTest]
15:10:03.025 [Test worker] DEBUG org.springframework.test.annotation.ProfileValueUtils - Retrieved @ProfileValueSourceConfiguration [null] for test class [com.restaurent.menu.service.MenuServiceTest]
15:10:03.025 [Test worker] DEBUG org.springframework.test.annotation.ProfileValueUtils - Retrieved ProfileValueSource type [class org.springframework.test.annotation.SystemProfileValueSource] for class [com.restaurent.menu.service.MenuServiceTest]
15:10:03.026 [Test worker] DEBUG org.springframework.test.annotation.ProfileValueUtils - Retrieved @ProfileValueSourceConfiguration [null] for test class [com.restaurent.menu.service.MenuServiceTest]
15:10:03.026 [Test worker] DEBUG org.springframework.test.annotation.ProfileValueUtils - Retrieved ProfileValueSource type [class org.springframework.test.annotation.SystemProfileValueSource] for class [com.restaurent.menu.service.MenuServiceTest]
15:10:03.033 [Test worker] DEBUG org.springframework.test.context.support.AbstractDirtiesContextTestExecutionListener - Before test class: context [DefaultTestContext@52d06625 testClass = MenuServiceTest, testInstance = [null], testMethod = [null], testException = [null], mergedContextConfiguration = [MergedContextConfiguration@1c89f7ff testClass = MenuServiceTest, locations = '{}', classes = '{class com.restaurent.menu.MainClass}', contextInitializerClasses = '[]', activeProfiles = '{}', propertySourceLocations = '{}', propertySourceProperties = '{org.springframework.boot.test.context.SpringBootTestContextBootstrapper=true}', contextCustomizers = set[org.springframework.boot.test.context.SpringBootTestContextCustomizer@1a44c02f, org.springframework.boot.test.context.filter.ExcludeFilterContextCustomizer@35f81097, org.springframework.boot.test.mock.mockito.MockitoContextCustomizer@0, org.springframework.boot.test.autoconfigure.properties.PropertyMappingContextCustomizer@0, org.springframework.boot.test.autoconfigure.web.servlet.WebDriverContextCustomizerFactory$Customizer@2225bb7a], contextLoader = 'org.springframework.boot.test.context.SpringBootContextLoader', parent = [null]]], class annotated with @DirtiesContext [false] with mode [null].
15:10:03.034 [Test worker] DEBUG org.springframework.test.annotation.ProfileValueUtils - Retrieved @ProfileValueSourceConfiguration [null] for test class [com.restaurent.menu.service.MenuServiceTest]
15:10:03.035 [Test worker] DEBUG org.springframework.test.annotation.ProfileValueUtils - Retrieved ProfileValueSource type [class org.springframework.test.annotation.SystemProfileValueSource] for class [com.restaurent.menu.service.MenuServiceTest]
15:10:03.036 [Test worker] DEBUG org.springframework.test.context.support.DependencyInjectionTestExecutionListener - Performing dependency injection for test context [[DefaultTestContext@52d06625 testClass = MenuServiceTest, testInstance = com.restaurent.menu.service.MenuServiceTest@693edf53, testMethod = [null], testException = [null], mergedContextConfiguration = [MergedContextConfiguration@1c89f7ff testClass = MenuServiceTest, locations = '{}', classes = '{class com.restaurent.menu.MainClass}', contextInitializerClasses = '[]', activeProfiles = '{}', propertySourceLocations = '{}', propertySourceProperties = '{org.springframework.boot.test.context.SpringBootTestContextBootstrapper=true}', contextCustomizers = set[org.springframework.boot.test.context.SpringBootTestContextCustomizer@1a44c02f, org.springframework.boot.test.context.filter.ExcludeFilterContextCustomizer@35f81097, org.springframework.boot.test.mock.mockito.MockitoContextCustomizer@0, org.springframework.boot.test.autoconfigure.properties.PropertyMappingContextCustomizer@0, org.springframework.boot.test.autoconfigure.web.servlet.WebDriverContextCustomizerFactory$Customizer@2225bb7a], contextLoader = 'org.springframework.boot.test.context.SpringBootContextLoader', parent = [null]]]].
15:10:03.152 [Test worker] DEBUG org.springframework.core.env.StandardEnvironment - Adding [systemProperties] PropertySource with lowest search precedence
15:10:03.152 [Test worker] DEBUG org.springframework.core.env.StandardEnvironment - Adding [systemEnvironment] PropertySource with lowest search precedence
15:10:03.152 [Test worker] DEBUG org.springframework.core.env.StandardEnvironment - Initialized StandardEnvironment with PropertySources [systemProperties,systemEnvironment]
15:10:03.154 [Test worker] DEBUG org.springframework.test.context.support.TestPropertySourceUtils - Adding inlined properties to environment: {spring.jmx.enabled=false, org.springframework.boot.test.context.SpringBootTestContextBootstrapper=true, server.port=-1}
15:10:03.155 [Test worker] DEBUG org.springframework.core.env.StandardEnvironment - Adding [Inlined Test Properties] PropertySource with highest search precedence

  .   ____          _            __ _ _
 /\\ / ___'_ __ _ _(_)_ __  __ _ \ \ \ \
( ( )\___ | '_ | '_| | '_ \/ _` | \ \ \ \
 \\/  ___)| |_)| | | | | || (_| |  ) ) ) )
  '  |____| .__|_| |_|_| |_\__, | / / / /
 =========|_|==============|___/=/_/_/_/
 :: Spring Boot ::        (v1.4.3.RELEASE)

2017-01-24 15:10:03.880  INFO 14958 --- [    Test worker] c.r.menu.service.MenuServiceTest         : Starting MenuServiceTest on prashant-VirtualBox with PID 14958 (started by prashant in /home/prashant/restaurentmenu)
2017-01-24 15:10:03.882  INFO 14958 --- [    Test worker] c.r.menu.service.MenuServiceTest         : No active profile set, falling back to default profiles: default
2017-01-24 15:10:03.953  INFO 14958 --- [    Test worker] s.c.a.AnnotationConfigApplicationContext : Refreshing org.springframework.context.annotation.AnnotationConfigApplicationContext@76b46fec: startup date [Tue Jan 24 15:10:03 GMT 2017]; root of context hierarchy
2017-01-24 15:10:08.615  INFO 14958 --- [    Test worker] c.r.menu.service.MenuServiceTest         : Started MenuServiceTest in 5.456 seconds (JVM running for 7.413)
]]></system-out>
  <system-err><![CDATA[]]></system-err>
</testsuite>
